2019-08-08 13:02:32,883 [INFO] - API: Instantiating Flask...
2019-08-08 13:03:04,605 [INFO] - API: Instantiating Flask...
2019-08-08 13:03:04,607 [INFO] - API: Creating authentication agent...
2019-08-08 13:03:04,607 [INFO] - Authentication: Creating Server...
2019-08-08 13:03:04,607 [INFO] - Server: Creating database wrapper...
2019-08-08 13:03:04,607 [INFO] - Database Wrapper: Creating database connection...
2019-08-08 14:53:55,817 [INFO] - API: Instantiating Flask...
2019-08-08 14:53:55,818 [INFO] - API: Creating authentication agent...
2019-08-08 14:53:55,819 [INFO] - Authentication: Creating Server...
2019-08-08 14:53:55,819 [INFO] - Server: Creating database wrapper...
2019-08-08 14:53:55,819 [INFO] - Database Wrapper: Creating database connection...
2019-08-08 14:55:40,928 [INFO] - API: Instantiating Flask...
2019-08-08 14:55:40,929 [INFO] - API: Creating authentication agent...
2019-08-08 14:55:40,929 [INFO] - Authentication: Creating Server...
2019-08-08 14:55:40,930 [INFO] - Server: Creating database wrapper...
2019-08-08 14:55:40,930 [INFO] - Database Wrapper: Creating database connection...
2019-08-08 14:55:41,442 [INFO] - Database Wrapper: Database connection created.
2019-08-08 14:55:41,442 [INFO] - Database Wrapper: Creating query parser...
2019-08-08 14:55:41,444 [INFO] - Database Wrapper: Query parser created.
2019-08-08 14:55:42,924 [INFO] - Server: Database wrapper created.
2019-08-08 14:55:42,924 [INFO] - Authentication: Server created.
2019-08-08 14:55:42,925 [INFO] - Authentication: Creating Mailer...
2019-08-08 14:55:42,925 [INFO] - Authentication: Mailer created.
2019-08-08 14:55:42,925 [INFO] - API: Authentication agent created.
2019-08-08 14:55:43,273 [INFO] - API: API successfully shut down.
2019-08-08 14:56:43,179 [INFO] - API: Instantiating Flask...
2019-08-08 14:56:43,181 [INFO] - API: Creating authentication agent...
2019-08-08 14:56:43,182 [INFO] - Authentication: Creating Server...
2019-08-08 14:56:43,182 [INFO] - Server: Creating database wrapper...
2019-08-08 14:56:43,182 [INFO] - Database Wrapper: Creating database connection...
2019-08-08 14:56:43,717 [INFO] - Database Wrapper: Database connection created.
2019-08-08 14:56:43,718 [INFO] - Database Wrapper: Creating query parser...
2019-08-08 14:56:43,721 [INFO] - Database Wrapper: Query parser created.
2019-08-08 14:56:45,246 [INFO] - Server: Database wrapper created.
2019-08-08 14:56:45,246 [INFO] - Authentication: Server created.
2019-08-08 14:56:45,246 [INFO] - Authentication: Creating Mailer...
2019-08-08 14:56:45,247 [INFO] - Authentication: Mailer created.
2019-08-08 14:56:45,247 [INFO] - API: Authentication agent created.
2019-08-08 14:58:41,507 [INFO] - API: API successfully shut down.
2019-08-08 14:58:44,198 [INFO] - API: Instantiating Flask...
2019-08-08 14:58:44,200 [INFO] - API: Creating authentication agent...
2019-08-08 14:58:44,200 [INFO] - Authentication: Creating Server...
2019-08-08 14:58:44,200 [INFO] - Server: Creating database wrapper...
2019-08-08 14:58:44,201 [INFO] - Database Wrapper: Creating database connection...
2019-08-08 14:58:44,710 [INFO] - Database Wrapper: Database connection created.
2019-08-08 14:58:44,710 [INFO] - Database Wrapper: Creating query parser...
2019-08-08 14:58:44,711 [INFO] - Database Wrapper: Query parser created.
2019-08-08 14:58:46,218 [INFO] - Server: Database wrapper created.
2019-08-08 14:58:46,218 [INFO] - Authentication: Server created.
2019-08-08 14:58:46,219 [INFO] - Authentication: Creating Mailer...
2019-08-08 14:58:46,220 [INFO] - Authentication: Mailer created.
2019-08-08 14:58:46,220 [INFO] - API: Authentication agent created.
2019-08-08 15:00:04,000 [INFO] - API: API successfully shut down.
2019-08-08 15:00:05,615 [INFO] - API: Instantiating Flask...
2019-08-08 15:00:05,617 [INFO] - API: Creating authentication agent...
2019-08-08 15:00:05,617 [INFO] - Authentication: Creating Server...
2019-08-08 15:00:05,618 [INFO] - Server: Creating database wrapper...
2019-08-08 15:00:05,618 [INFO] - Database Wrapper: Creating database connection...
2019-08-08 15:00:06,145 [INFO] - Database Wrapper: Database connection created.
2019-08-08 15:00:06,145 [INFO] - Database Wrapper: Creating query parser...
2019-08-08 15:00:06,147 [INFO] - Database Wrapper: Query parser created.
2019-08-08 15:00:07,639 [INFO] - Server: Database wrapper created.
2019-08-08 15:00:07,639 [INFO] - Authentication: Server created.
2019-08-08 15:00:07,639 [INFO] - Authentication: Creating Mailer...
2019-08-08 15:00:07,640 [INFO] - Authentication: Mailer created.
2019-08-08 15:00:07,640 [INFO] - API: Authentication agent created.
2019-08-08 15:03:05,083 [INFO] - API: API successfully shut down.
2019-08-08 15:03:07,048 [INFO] - API: Instantiating Flask...
2019-08-08 15:03:07,049 [INFO] - API: Creating authentication agent...
2019-08-08 15:03:07,050 [INFO] - Authentication: Creating Server...
2019-08-08 15:03:07,050 [INFO] - Server: Creating database wrapper...
2019-08-08 15:03:07,050 [INFO] - Database Wrapper: Creating database connection...
2019-08-08 15:03:07,561 [INFO] - Database Wrapper: Database connection created.
2019-08-08 15:03:07,561 [INFO] - Database Wrapper: Creating query parser...
2019-08-08 15:03:07,562 [INFO] - Database Wrapper: Query parser created.
2019-08-08 15:03:09,037 [INFO] - Server: Database wrapper created.
2019-08-08 15:03:09,037 [INFO] - Authentication: Server created.
2019-08-08 15:03:09,037 [INFO] - Authentication: Creating Mailer...
2019-08-08 15:03:09,038 [INFO] - Authentication: Mailer created.
2019-08-08 15:03:09,039 [INFO] - API: Authentication agent created.
2019-08-08 15:03:25,545 [ERROR] - Database Wrapper: Something went wrong adding house house!
Traceback (most recent call last):
  File "/Users/Matti/Documents/Programming/ChoreDev/server/database.py", line 234, in insert_house
    self._execute(query)
  File "/Users/Matti/Documents/Programming/ChoreDev/server/database.py", line 117, in _execute
    self.cursor.execute(query)
psycopg2.IntegrityError: duplicate key value violates unique constraint "houses_name_key"
DETAIL:  Key (name)=(house) already exists.

2019-08-08 15:03:25,631 [ERROR] - Authentication: Something went wrong creating a house and user!
NoneType: None
2019-08-08 15:04:44,528 [ERROR] - Database Wrapper: Something went wrong adding house Matti's House!
Traceback (most recent call last):
  File "/Users/Matti/Documents/Programming/ChoreDev/server/database.py", line 234, in insert_house
    self._execute(query)
  File "/Users/Matti/Documents/Programming/ChoreDev/server/database.py", line 117, in _execute
    self.cursor.execute(query)
psycopg2.ProgrammingError: syntax error at or near "s"
LINE 1: INSERT INTO houses (name) VALUES ('Matti's House') RETURNING...
                                                 ^

2019-08-08 15:04:44,613 [ERROR] - Authentication: Something went wrong creating a house and user!
NoneType: None
2019-08-08 15:20:05,388 [INFO] - API: API successfully shut down.
2019-08-08 15:20:10,958 [INFO] - API: Instantiating Flask...
2019-08-08 15:20:10,959 [INFO] - API: Creating authentication agent...
2019-08-08 15:20:10,959 [INFO] - Authentication: Creating Server...
2019-08-08 15:20:10,959 [INFO] - Server: Creating database wrapper...
2019-08-08 15:20:10,959 [INFO] - Database Wrapper: Creating database connection...
2019-08-08 15:20:11,479 [INFO] - Database Wrapper: Database connection created.
2019-08-08 15:20:11,480 [INFO] - Database Wrapper: Creating query parser...
2019-08-08 15:20:11,480 [INFO] - Database Wrapper: Query parser created.
2019-08-08 15:20:12,983 [INFO] - Server: Database wrapper created.
2019-08-08 15:20:12,983 [INFO] - Authentication: Server created.
2019-08-08 15:20:12,983 [INFO] - Authentication: Creating Mailer...
2019-08-08 15:20:12,984 [INFO] - Authentication: Mailer created.
2019-08-08 15:20:12,984 [INFO] - API: Authentication agent created.
2019-08-08 15:20:49,179 [INFO] - API: API successfully shut down.
2019-08-08 15:20:51,720 [INFO] - API: Instantiating Flask...
2019-08-08 15:20:51,721 [INFO] - API: Creating authentication agent...
2019-08-08 15:20:51,722 [INFO] - Authentication: Creating Server...
2019-08-08 15:20:51,722 [INFO] - Server: Creating database wrapper...
2019-08-08 15:20:51,722 [INFO] - Database Wrapper: Creating database connection...
2019-08-08 15:20:52,249 [INFO] - Database Wrapper: Database connection created.
2019-08-08 15:20:52,249 [INFO] - Database Wrapper: Creating query parser...
2019-08-08 15:20:52,250 [INFO] - Database Wrapper: Query parser created.
2019-08-08 15:20:53,767 [INFO] - Server: Database wrapper created.
2019-08-08 15:20:53,767 [INFO] - Authentication: Server created.
2019-08-08 15:20:53,767 [INFO] - Authentication: Creating Mailer...
2019-08-08 15:20:53,768 [INFO] - Authentication: Mailer created.
2019-08-08 15:20:53,768 [INFO] - API: Authentication agent created.
2019-08-08 15:21:14,330 [INFO] - API: API successfully shut down.
2019-08-08 15:21:21,317 [INFO] - API: Instantiating Flask...
2019-08-08 15:21:21,319 [INFO] - API: Creating authentication agent...
2019-08-08 15:21:21,320 [INFO] - Authentication: Creating Server...
2019-08-08 15:21:21,320 [INFO] - Server: Creating database wrapper...
2019-08-08 15:21:21,320 [INFO] - Database Wrapper: Creating database connection...
2019-08-08 15:21:21,846 [INFO] - Database Wrapper: Database connection created.
2019-08-08 15:21:21,846 [INFO] - Database Wrapper: Creating query parser...
2019-08-08 15:21:21,847 [INFO] - Database Wrapper: Query parser created.
2019-08-08 15:21:23,329 [INFO] - Server: Database wrapper created.
2019-08-08 15:21:23,329 [INFO] - Authentication: Server created.
2019-08-08 15:21:23,330 [INFO] - Authentication: Creating Mailer...
2019-08-08 15:21:23,330 [INFO] - Authentication: Mailer created.
2019-08-08 15:21:23,330 [INFO] - API: Authentication agent created.
2019-08-08 15:21:58,320 [INFO] - API: API successfully shut down.
2019-08-08 15:22:00,198 [INFO] - API: Instantiating Flask...
2019-08-08 15:22:00,200 [INFO] - API: Creating authentication agent...
2019-08-08 15:22:00,201 [INFO] - Authentication: Creating Server...
2019-08-08 15:22:00,201 [INFO] - Server: Creating database wrapper...
2019-08-08 15:22:00,201 [INFO] - Database Wrapper: Creating database connection...
2019-08-08 15:22:00,720 [INFO] - Database Wrapper: Database connection created.
2019-08-08 15:22:00,720 [INFO] - Database Wrapper: Creating query parser...
2019-08-08 15:22:00,721 [INFO] - Database Wrapper: Query parser created.
2019-08-08 15:22:02,222 [INFO] - Server: Database wrapper created.
2019-08-08 15:22:02,222 [INFO] - Authentication: Server created.
2019-08-08 15:22:02,222 [INFO] - Authentication: Creating Mailer...
2019-08-08 15:22:02,223 [INFO] - Authentication: Mailer created.
2019-08-08 15:22:02,223 [INFO] - API: Authentication agent created.
2019-08-08 15:22:11,239 [INFO] - Authentication: Current online: 
2019-08-08 15:22:11,240 [INFO] - Authentication: {'5bc3a1fe-8637-4ff0-9f90-622349a894d2': <server.classes.User object at 0x105e6a4e0>}
2019-08-08 15:23:33,045 [ERROR] - Authentication: Duplicate login detected...
NoneType: None
2019-08-08 15:23:33,048 [INFO] - Authentication: Current online: 
2019-08-08 15:23:33,048 [INFO] - Authentication: {'743fb696-e87f-47b0-84b5-28c3eb771a4e': <server.classes.User object at 0x105e6af98>}
2019-08-08 15:23:46,482 [INFO] - API: API successfully shut down.
2019-08-08 15:23:48,393 [INFO] - API: Instantiating Flask...
2019-08-08 15:23:48,394 [INFO] - API: Creating authentication agent...
2019-08-08 15:23:48,395 [INFO] - Authentication: Creating Server...
2019-08-08 15:23:48,395 [INFO] - Server: Creating database wrapper...
2019-08-08 15:23:48,395 [INFO] - Database Wrapper: Creating database connection...
2019-08-08 15:23:48,934 [INFO] - Database Wrapper: Database connection created.
2019-08-08 15:23:48,935 [INFO] - Database Wrapper: Creating query parser...
2019-08-08 15:23:48,936 [INFO] - Database Wrapper: Query parser created.
2019-08-08 15:23:50,469 [INFO] - Server: Database wrapper created.
2019-08-08 15:23:50,469 [INFO] - Authentication: Server created.
2019-08-08 15:23:50,470 [INFO] - Authentication: Creating Mailer...
2019-08-08 15:23:50,470 [INFO] - Authentication: Mailer created.
2019-08-08 15:23:50,471 [INFO] - API: Authentication agent created.
2019-08-08 15:23:57,224 [ERROR] - Authentication: Tried to fetch scores from invalid session token!
NoneType: None
2019-08-08 15:23:57,252 [ERROR] - Authentication: Tried to fetch scores from invalid session token!
NoneType: None
2019-08-08 15:24:04,538 [INFO] - Authentication: Current online: 
2019-08-08 15:24:04,540 [INFO] - Authentication: {'a8e77a3f-fb04-486e-abb1-26269b7443e8': <server.classes.User object at 0x102a14c50>}
2019-08-08 15:24:59,322 [INFO] - API: API successfully shut down.
2019-08-08 15:25:01,678 [INFO] - API: Instantiating Flask...
2019-08-08 15:25:01,679 [INFO] - API: Creating authentication agent...
2019-08-08 15:25:01,679 [INFO] - Authentication: Creating Server...
2019-08-08 15:25:01,680 [INFO] - Server: Creating database wrapper...
2019-08-08 15:25:01,680 [INFO] - Database Wrapper: Creating database connection...
2019-08-08 15:25:02,288 [INFO] - Database Wrapper: Database connection created.
2019-08-08 15:25:02,288 [INFO] - Database Wrapper: Creating query parser...
2019-08-08 15:25:02,289 [INFO] - Database Wrapper: Query parser created.
2019-08-08 15:25:03,827 [INFO] - Server: Database wrapper created.
2019-08-08 15:25:03,828 [INFO] - Authentication: Server created.
2019-08-08 15:25:03,828 [INFO] - Authentication: Creating Mailer...
2019-08-08 15:25:03,829 [INFO] - Authentication: Mailer created.
2019-08-08 15:25:03,829 [INFO] - API: Authentication agent created.
2019-08-08 15:25:16,578 [INFO] - Authentication: Current online: 
2019-08-08 15:25:16,579 [INFO] - Authentication: {'77686c01-d7b2-49ca-94d1-baae93a6056d': <server.classes.User object at 0x111a8f550>}
2019-08-08 15:25:30,468 [ERROR] - Mailer: Something went wrong sending the email...
Traceback (most recent call last):
  File "/Users/Matti/Documents/Programming/ChoreDev/server/auth.py", line 36, in send_invite_email
    self.connect()
  File "/Users/Matti/Documents/Programming/ChoreDev/server/auth.py", line 20, in connect
    self.conn.login(constants.SMTP_USERNAME, constants.SMTP_PASSWORD)
  File "/anaconda3/lib/python3.6/smtplib.py", line 730, in login
    raise last_exception
  File "/anaconda3/lib/python3.6/smtplib.py", line 721, in login
    initial_response_ok=initial_response_ok)
  File "/anaconda3/lib/python3.6/smtplib.py", line 642, in auth
    raise SMTPAuthenticationError(code, resp)
smtplib.SMTPAuthenticationError: (535, b'5.7.8 Username and Password not accepted. Learn more at\n5.7.8  https://support.google.com/mail/?p=BadCredentials v12sm83399280pgr.86 - gsmtp')
2019-08-08 15:26:43,168 [INFO] - API: API successfully shut down.
2019-08-08 15:54:34,064 [INFO] - API: Instantiating Flask...
2019-08-08 15:54:34,066 [INFO] - API: Creating authentication agent...
2019-08-08 15:54:34,066 [INFO] - Authentication: Creating Server...
2019-08-08 15:54:34,067 [INFO] - Server: Creating database wrapper...
2019-08-08 15:54:34,067 [INFO] - Database Wrapper: Creating database connection...
2019-08-08 15:54:34,605 [INFO] - Database Wrapper: Database connection created.
2019-08-08 15:54:34,606 [INFO] - Database Wrapper: Creating query parser...
2019-08-08 15:54:34,607 [INFO] - Database Wrapper: Query parser created.
2019-08-08 15:54:36,078 [INFO] - Server: Database wrapper created.
2019-08-08 15:54:36,079 [INFO] - Authentication: Server created.
2019-08-08 15:54:36,079 [INFO] - Authentication: Creating Mailer...
2019-08-08 15:54:36,079 [INFO] - Authentication: Mailer created.
2019-08-08 15:54:36,080 [INFO] - API: Authentication agent created.
2019-08-08 15:55:19,895 [ERROR] - Authentication: Tried to invite with an invalid token: 77686c01-d7b2-49ca-94d1-baae93a6056d!
NoneType: None
2019-08-08 15:56:19,901 [INFO] - Authentication: Current online: 
2019-08-08 15:56:19,903 [INFO] - Authentication: {'cfe3ccb5-7156-4948-9029-4417a2b5415f': <server.classes.User object at 0x107b43668>}
2019-08-08 15:58:12,563 [ERROR] - Authentication: Tried to fetch scores from invalid session token!
NoneType: None
2019-08-08 15:59:22,494 [INFO] - API: API successfully shut down.
2019-08-08 15:59:24,583 [INFO] - API: Instantiating Flask...
2019-08-08 15:59:24,585 [INFO] - API: Creating authentication agent...
2019-08-08 15:59:24,585 [INFO] - Authentication: Creating Server...
2019-08-08 15:59:24,586 [INFO] - Server: Creating database wrapper...
2019-08-08 15:59:24,586 [INFO] - Database Wrapper: Creating database connection...
2019-08-08 15:59:25,096 [INFO] - Database Wrapper: Database connection created.
2019-08-08 15:59:25,096 [INFO] - Database Wrapper: Creating query parser...
2019-08-08 15:59:25,098 [INFO] - Database Wrapper: Query parser created.
2019-08-08 15:59:26,581 [INFO] - Server: Database wrapper created.
2019-08-08 15:59:26,581 [INFO] - Authentication: Server created.
2019-08-08 15:59:26,582 [INFO] - Authentication: Creating Mailer...
2019-08-08 15:59:26,582 [INFO] - Authentication: Mailer created.
2019-08-08 15:59:26,582 [INFO] - API: Authentication agent created.
2019-08-08 15:59:32,402 [ERROR] - Authentication: Tried to fetch scores from invalid session token!
NoneType: None
2019-08-08 15:59:54,222 [ERROR] - Authentication: Tried to fetch scores from invalid session token!
NoneType: None
2019-08-08 16:00:21,586 [INFO] - Authentication: Current online: 
2019-08-08 16:00:21,587 [INFO] - Authentication: {'8cd0d260-9214-4590-8d7f-2ec5ed77cbd9': <server.classes.User object at 0x104b96c50>}
2019-08-08 16:01:07,743 [ERROR] - Authentication: Tried to fetch scores from invalid session token!
NoneType: None
2019-08-08 16:01:09,018 [ERROR] - Authentication: Tried to fetch scores from invalid session token!
NoneType: None
2019-08-08 16:01:13,944 [ERROR] - Authentication: Tried to fetch scores from invalid session token!
NoneType: None
2019-08-08 16:01:13,960 [ERROR] - Authentication: Tried to fetch scores from invalid session token!
NoneType: None
2019-08-08 16:01:19,948 [INFO] - Authentication: Current online: 
2019-08-08 16:01:19,949 [INFO] - Authentication: {'8cd0d260-9214-4590-8d7f-2ec5ed77cbd9': <server.classes.User object at 0x104b96c50>, '15f2c220-455d-410b-9143-2318da50f329': <server.classes.User object at 0x104c2fa58>}
2019-08-08 16:13:26,779 [ERROR] - Authentication: Tried to fetch scores from invalid session token!
NoneType: None
2019-08-08 16:13:43,355 [ERROR] - Authentication: Tried to fetch scores from invalid session token!
NoneType: None
2019-08-08 16:16:43,466 [ERROR] - Authentication: Could not find user!
NoneType: None
2019-08-08 16:16:53,294 [ERROR] - Authentication: Could not find user!
NoneType: None
2019-08-08 16:24:53,251 [ERROR] - Authentication: Tried to fetch scores from invalid session token!
NoneType: None
2019-08-08 16:26:24,963 [INFO] - API: API successfully shut down.
2019-08-08 16:26:28,991 [INFO] - API: Instantiating Flask...
2019-08-08 16:26:28,992 [INFO] - API: Creating authentication agent...
2019-08-08 16:26:28,993 [INFO] - Authentication: Creating Server...
2019-08-08 16:26:28,993 [INFO] - Server: Creating database wrapper...
2019-08-08 16:26:28,993 [INFO] - Database Wrapper: Creating database connection...
2019-08-08 16:26:29,502 [INFO] - Database Wrapper: Database connection created.
2019-08-08 16:26:29,502 [INFO] - Database Wrapper: Creating query parser...
2019-08-08 16:26:29,503 [INFO] - Database Wrapper: Query parser created.
2019-08-08 16:26:30,977 [INFO] - Server: Database wrapper created.
2019-08-08 16:26:30,978 [INFO] - Authentication: Server created.
2019-08-08 16:26:30,978 [INFO] - Authentication: Creating Mailer...
2019-08-08 16:26:30,979 [INFO] - Authentication: Mailer created.
2019-08-08 16:26:30,979 [INFO] - API: Authentication agent created.
2019-08-08 16:27:21,452 [ERROR] - Authentication: Tried to fetch scores from invalid session token!
NoneType: None
2019-08-08 16:28:32,456 [INFO] - Authentication: Current online: 
2019-08-08 16:28:32,456 [INFO] - Authentication: {'58ee8345-886e-4873-a2dc-8a8e99add15d': <server.classes.User object at 0x10dd01fd0>}
2019-08-08 16:28:33,568 [ERROR] - Authentication: Tried to fetch scores from invalid session token!
NoneType: None
2019-08-08 16:29:04,965 [ERROR] - Authentication: Tried to fetch scores from invalid session token!
NoneType: None
2019-08-08 16:29:20,625 [ERROR] - Authentication: Tried to fetch scores from invalid session token!
NoneType: None
2019-08-08 16:29:35,480 [INFO] - API: API successfully shut down.
2019-08-08 16:29:37,446 [INFO] - API: Instantiating Flask...
2019-08-08 16:29:37,447 [INFO] - API: Creating authentication agent...
2019-08-08 16:29:37,447 [INFO] - Authentication: Creating Server...
2019-08-08 16:29:37,448 [INFO] - Server: Creating database wrapper...
2019-08-08 16:29:37,448 [INFO] - Database Wrapper: Creating database connection...
2019-08-08 16:29:37,959 [INFO] - Database Wrapper: Database connection created.
2019-08-08 16:29:37,960 [INFO] - Database Wrapper: Creating query parser...
2019-08-08 16:29:37,960 [INFO] - Database Wrapper: Query parser created.
2019-08-08 16:29:39,493 [INFO] - Server: Database wrapper created.
2019-08-08 16:29:39,494 [INFO] - Authentication: Server created.
2019-08-08 16:29:39,494 [INFO] - Authentication: Creating Mailer...
2019-08-08 16:29:39,494 [INFO] - Authentication: Mailer created.
2019-08-08 16:29:39,494 [INFO] - API: Authentication agent created.
2019-08-08 16:34:52,650 [INFO] - API: API successfully shut down.
